<?xml version="1.0" encoding="UTF-8"?>
<!-- Generated by org.testng.reporters.JUnitReportReporter -->
<testsuite hostname="INIZAMIYEVA" name="com.example.tests.AddNewCreationTests" tests="2" failures="0" timestamp="25 Dec 2014 10:29:08 GMT" time="2.189" errors="0">
  <testcase name="testEmptyGroupCreation" time="1.203" classname="com.example.tests.AddNewCreationTests"/>
  <testcase name="testNonEmptyGroupCreation" time="0.986" classname="com.example.tests.AddNewCreationTests"/>
</testsuite> <!-- com.example.tests.AddNewCreationTests -->
