<?xml version="1.0" encoding="UTF-8"?>
<!-- Generated by org.testng.reporters.JUnitReportReporter -->
<testsuite hostname="INIZAMIYEVA" name="com.example.tests.AddNewCreationTests" tests="2" failures="0" timestamp="24 Dec 2014 10:14:54 GMT" time="2.194" errors="0">
  <testcase name="testEmptyGroupCreation" time="1.186" classname="com.example.tests.AddNewCreationTests"/>
  <testcase name="testNonEmptyGroupCreation" time="1.008" classname="com.example.tests.AddNewCreationTests"/>
</testsuite> <!-- com.example.tests.AddNewCreationTests -->
