<?xml version="1.0" encoding="UTF-8"?>
<!-- Generated by org.testng.reporters.JUnitReportReporter -->
<testsuite hostname="INIZAMIYEVA" name="com.example.tests.GroupCreationTests" tests="2" failures="0" timestamp="25 Dec 2014 10:29:08 GMT" time="1.851" errors="0">
  <testcase name="testNonEmptyGroupCreation" time="0.939" classname="com.example.tests.GroupCreationTests"/>
  <testcase name="testEmptyGroupCreation" time="0.912" classname="com.example.tests.GroupCreationTests"/>
</testsuite> <!-- com.example.tests.GroupCreationTests -->
