<?xml version="1.0" encoding="UTF-8"?>
<!-- Generated by org.testng.reporters.JUnitReportReporter -->
<testsuite hostname="INIZAMIYEVA" name="com.example.tests.AddNewContactTests" tests="2" failures="0" timestamp="25 Dec 2014 10:29:08 GMT" time="2.707" errors="0">
  <testcase name="addNewContactWithoutData" time="1.189" classname="com.example.tests.AddNewContactTests"/>
  <testcase name="addNewContactWithData" time="1.518" classname="com.example.tests.AddNewContactTests"/>
</testsuite> <!-- com.example.tests.AddNewContactTests -->
