<?xml version="1.0" encoding="UTF-8"?>
<!-- Generated by org.testng.reporters.JUnitReportReporter -->
<testsuite hostname="INIZAMIYEVA" name="com.example.tests.GroupCreationTests" tests="2" failures="0" timestamp="24 Dec 2014 10:14:54 GMT" time="1.811" errors="0">
  <testcase name="testNonEmptyGroupCreation" time="0.902" classname="com.example.tests.GroupCreationTests"/>
  <testcase name="testEmptyGroupCreation" time="0.909" classname="com.example.tests.GroupCreationTests"/>
</testsuite> <!-- com.example.tests.GroupCreationTests -->
